2023-10-29 12:18:46,315 INFO Evaluating model with NumAttributes: 6, NumTrees: 200
2023-10-29 12:37:03,730 INFO Confusion matrix:
[[337  73]
 [ 51 457]]
2023-10-29 12:37:03,731 INFO Accuracy per iteration: [0.82608696 0.86956522 0.88043478 0.85869565 0.95652174 0.92391304
 0.79347826 0.80434783 0.8021978  0.93406593]
2023-10-29 12:37:03,731 INFO Average accuracy: 0.8649307214524604
2023-10-29 12:37:03,731 INFO Average accuracy: 0.8649307214524604
2023-10-29 12:37:04,644 INFO Evaluating model with NumAttributes: 6, NumTrees: 400
2023-10-29 13:17:21,468 INFO Confusion matrix:
[[335  75]
 [ 51 457]]
2023-10-29 13:17:21,469 INFO Accuracy per iteration: [0.88043478 0.91304348 0.88043478 0.88043478 0.84782609 0.84782609
 0.81521739 0.84782609 0.87912088 0.83516484]
2023-10-29 13:17:21,469 INFO Average accuracy: 0.8627329192546584
2023-10-29 13:17:21,469 INFO Average accuracy: 0.8627329192546584
2023-10-29 13:17:21,772 INFO Evaluating model with NumAttributes: 6, NumTrees: 800
2023-10-29 14:44:49,976 INFO Confusion matrix:
[[337  73]
 [ 47 461]]
2023-10-29 14:44:49,976 INFO Accuracy per iteration: [0.86956522 0.86956522 0.88043478 0.85869565 0.84782609 0.88043478
 0.90217391 0.84782609 0.87912088 0.85714286]
2023-10-29 14:44:49,976 INFO Average accuracy: 0.8692785475394171
2023-10-29 14:44:49,976 INFO Average accuracy: 0.8692785475394171
2023-10-29 14:44:50,449 INFO Evaluating model with NumAttributes: 7, NumTrees: 200
2023-10-29 15:09:07,009 INFO Confusion matrix:
[[335  75]
 [ 51 457]]
2023-10-29 15:09:07,009 INFO Accuracy per iteration: [0.83695652 0.86956522 0.83695652 0.85869565 0.89130435 0.85869565
 0.83695652 0.89130435 0.84615385 0.9010989 ]
2023-10-29 15:09:07,009 INFO Average accuracy: 0.8627687529861443
2023-10-29 15:09:07,010 INFO Average accuracy: 0.8627687529861443
2023-10-29 15:09:07,322 INFO Evaluating model with NumAttributes: 7, NumTrees: 400
2023-10-29 16:19:32,611 INFO Confusion matrix:
[[331  79]
 [ 48 460]]
2023-10-29 16:19:32,612 INFO Accuracy per iteration: [0.90217391 0.84782609 0.82608696 0.85869565 0.89130435 0.85869565
 0.81521739 0.84782609 0.92307692 0.84615385]
2023-10-29 16:19:32,612 INFO Average accuracy: 0.8617056856187292
2023-10-29 16:19:32,612 INFO Average accuracy: 0.8617056856187292
2023-10-29 16:19:33,126 INFO Evaluating model with NumAttributes: 7, NumTrees: 800
2023-10-29 17:59:26,015 INFO Confusion matrix:
[[335  75]
 [ 48 460]]
2023-10-29 17:59:26,016 INFO Accuracy per iteration: [0.89130435 0.85869565 0.81521739 0.83695652 0.89130435 0.82608696
 0.88043478 0.93478261 0.87912088 0.84615385]
2023-10-29 17:59:26,016 INFO Average accuracy: 0.8660057333970377
2023-10-29 17:59:26,016 INFO Average accuracy: 0.8660057333970377
2023-10-29 17:59:26,332 INFO Evaluating model with NumAttributes: 8, NumTrees: 200
2023-10-29 18:24:27,047 INFO Confusion matrix:
[[330  80]
 [ 48 460]]
2023-10-29 18:24:27,047 INFO Accuracy per iteration: [0.89130435 0.85869565 0.79347826 0.86956522 0.85869565 0.89130435
 0.88043478 0.80434783 0.87912088 0.87912088]
2023-10-29 18:24:27,047 INFO Average accuracy: 0.8606067845198281
2023-10-29 18:24:27,047 INFO Average accuracy: 0.8606067845198281
2023-10-29 18:24:27,341 INFO Evaluating model with NumAttributes: 8, NumTrees: 400
2023-10-29 19:17:16,082 INFO Confusion matrix:
[[334  76]
 [ 44 464]]
2023-10-29 19:17:16,084 INFO Accuracy per iteration: [0.83695652 0.86956522 0.89130435 0.89130435 0.90217391 0.94565217
 0.85869565 0.83695652 0.84615385 0.81318681]
2023-10-29 19:17:16,084 INFO Average accuracy: 0.8691949354992834
2023-10-29 19:17:16,084 INFO Average accuracy: 0.8691949354992834
2023-10-29 19:17:16,412 INFO Evaluating model with NumAttributes: 8, NumTrees: 800
2023-10-29 21:06:35,475 INFO Confusion matrix:
[[338  72]
 [ 49 459]]
2023-10-29 21:06:35,476 INFO Accuracy per iteration: [0.83695652 0.86956522 0.81521739 0.86956522 0.83695652 0.93478261
 0.92391304 0.80434783 0.89010989 0.9010989 ]
2023-10-29 21:06:35,476 INFO Average accuracy: 0.868251313903488
2023-10-29 21:06:35,476 INFO Average accuracy: 0.868251313903488
2023-10-29 21:06:35,781 INFO Evaluating model with NumAttributes: 9, NumTrees: 200
2023-10-29 21:34:42,719 INFO Confusion matrix:
[[335  75]
 [ 48 460]]
2023-10-29 21:34:42,720 INFO Accuracy per iteration: [0.90217391 0.84782609 0.85869565 0.86956522 0.88043478 0.91304348
 0.86956522 0.7826087  0.89010989 0.84615385]
2023-10-29 21:34:42,720 INFO Average accuracy: 0.8660176779741997
2023-10-29 21:34:42,720 INFO Average accuracy: 0.8660176779741997
2023-10-29 21:34:43,088 INFO Evaluating model with NumAttributes: 9, NumTrees: 400
2023-10-29 22:29:02,431 INFO Confusion matrix:
[[341  69]
 [ 46 462]]
2023-10-29 22:29:02,432 INFO Accuracy per iteration: [0.92391304 0.88043478 0.84782609 0.86956522 0.85869565 0.86956522
 0.86956522 0.89130435 0.85714286 0.87912088]
2023-10-29 22:29:02,432 INFO Average accuracy: 0.8747133301481128
2023-10-29 22:29:02,432 INFO Average accuracy: 0.8747133301481128
2023-10-29 22:29:02,722 INFO Evaluating model with NumAttributes: 9, NumTrees: 800
2023-10-30 00:18:54,015 INFO Confusion matrix:
[[336  74]
 [ 46 462]]
2023-10-30 00:18:54,016 INFO Accuracy per iteration: [0.86956522 0.84782609 0.86956522 0.86956522 0.85869565 0.89130435
 0.83695652 0.89130435 0.85714286 0.9010989 ]
2023-10-30 00:18:54,016 INFO Average accuracy: 0.869302436693741
2023-10-30 00:18:54,016 INFO Average accuracy: 0.869302436693741
2023-10-30 00:18:54,392 INFO Evaluating model with NumAttributes: 10, NumTrees: 200
2023-10-30 00:50:27,094 INFO Confusion matrix:
[[336  74]
 [ 45 463]]
2023-10-30 00:50:27,094 INFO Accuracy per iteration: [0.92391304 0.83695652 0.89130435 0.88043478 0.82608696 0.85869565
 0.89130435 0.84782609 0.85714286 0.89010989]
2023-10-30 00:50:27,094 INFO Average accuracy: 0.8703774486383182
2023-10-30 00:50:27,094 INFO Average accuracy: 0.8703774486383182
2023-10-30 00:50:27,313 INFO Evaluating model with NumAttributes: 10, NumTrees: 400
